24-Apr-2016 14:44:47.117 INFO [main] org.apache.catalina.startup.VersionLoggerListener.log Server version:        Apache Tomcat/@VERSION@
24-Apr-2016 14:44:47.118 INFO [main] org.apache.catalina.startup.VersionLoggerListener.log Server built:          @VERSION_BUILT@
24-Apr-2016 14:44:47.119 INFO [main] org.apache.catalina.startup.VersionLoggerListener.log Server number:         @VERSION_NUMBER@
24-Apr-2016 14:44:47.119 INFO [main] org.apache.catalina.startup.VersionLoggerListener.log OS Name:               Mac OS X
24-Apr-2016 14:44:47.119 INFO [main] org.apache.catalina.startup.VersionLoggerListener.log OS Version:            10.10.5
24-Apr-2016 14:44:47.119 INFO [main] org.apache.catalina.startup.VersionLoggerListener.log Architecture:          x86_64
24-Apr-2016 14:44:47.119 INFO [main] org.apache.catalina.startup.VersionLoggerListener.log Java Home:             /Library/Java/JavaVirtualMachines/jdk1.8.0_60.jdk/Contents/Home/jre
24-Apr-2016 14:44:47.119 INFO [main] org.apache.catalina.startup.VersionLoggerListener.log JVM Version:           1.8.0_60-b27
24-Apr-2016 14:44:47.119 INFO [main] org.apache.catalina.startup.VersionLoggerListener.log JVM Vendor:            Oracle Corporation
24-Apr-2016 14:44:47.119 INFO [main] org.apache.catalina.startup.VersionLoggerListener.log CATALINA_BASE:         /Users/ibank/01develop/workspace_tomcat/Tomcat 8.0/launch
24-Apr-2016 14:44:47.119 INFO [main] org.apache.catalina.startup.VersionLoggerListener.log CATALINA_HOME:         /Users/ibank/01develop/workspace_tomcat/Tomcat 8.0/launch
24-Apr-2016 14:44:47.120 INFO [main] org.apache.catalina.startup.VersionLoggerListener.log Command line argument: -agentlib:jdwp=transport=dt_socket,suspend=y,address=localhost:55419
24-Apr-2016 14:44:47.120 INFO [main] org.apache.catalina.startup.VersionLoggerListener.log Command line argument: -Dcatalina.home=launch
24-Apr-2016 14:44:47.121 INFO [main] org.apache.catalina.startup.VersionLoggerListener.log Command line argument: -Dcatalina.base=launch
24-Apr-2016 14:44:47.121 INFO [main] org.apache.catalina.startup.VersionLoggerListener.log Command line argument: -Djava.endorsed.dirs=launch/endorsed
24-Apr-2016 14:44:47.121 INFO [main] org.apache.catalina.startup.VersionLoggerListener.log Command line argument: -Djava.io.tmpdir=launch/temp
24-Apr-2016 14:44:47.121 INFO [main] org.apache.catalina.startup.VersionLoggerListener.log Command line argument: -Djava.util.logging.manager=org.apache.juli.ClassLoaderLogManager
24-Apr-2016 14:44:47.121 INFO [main] org.apache.catalina.startup.VersionLoggerListener.log Command line argument: -Djava.util.logging.config.file=launch/conf/logging.properties
24-Apr-2016 14:44:47.121 INFO [main] org.apache.catalina.startup.VersionLoggerListener.log Command line argument: -Dfile.encoding=UTF-8
24-Apr-2016 14:44:47.121 INFO [main] org.apache.catalina.core.AprLifecycleListener.lifecycleEvent The APR based Apache Tomcat Native library which allows optimal performance in production environments was not found on the java.library.path: /Users/ibank/Library/Java/Extensions:/Library/Java/Extensions:/Network/Library/Java/Extensions:/System/Library/Java/Extensions:/usr/lib/java:.
24-Apr-2016 14:44:47.368 INFO [main] org.apache.coyote.AbstractProtocol.init Initializing ProtocolHandler ["http-nio-8080"]
24-Apr-2016 14:44:47.412 INFO [main] org.apache.tomcat.util.net.NioSelectorPool.getSharedSelector Using a shared selector for servlet write/read
24-Apr-2016 14:44:47.418 INFO [main] org.apache.coyote.AbstractProtocol.init Initializing ProtocolHandler ["ajp-nio-8009"]
24-Apr-2016 14:44:47.419 INFO [main] org.apache.tomcat.util.net.NioSelectorPool.getSharedSelector Using a shared selector for servlet write/read
24-Apr-2016 14:44:47.420 INFO [main] org.apache.catalina.startup.Catalina.load Initialization processed in 766 ms
24-Apr-2016 14:44:47.464 INFO [main] org.apache.catalina.core.StandardService.startInternal Starting service Catalina
24-Apr-2016 14:44:47.465 INFO [main] org.apache.catalina.core.StandardEngine.startInternal Starting Servlet Engine: Apache Tomcat/@VERSION@
24-Apr-2016 14:44:47.478 INFO [localhost-startStop-1] org.apache.catalina.startup.HostConfig.deployDirectory Deploying web application directory /Users/ibank/01develop/workspace_tomcat/Tomcat 8.0/launch/webapps/docs
24-Apr-2016 14:44:51.998 INFO [localhost-startStop-1] org.apache.jasper.servlet.TldScanner.scanJars At least one JAR was scanned for TLDs yet contained no TLDs. Enable debug logging for this logger for a complete list of JARs that were scanned but no TLDs were found in them. Skipping unneeded JARs during scanning can improve startup time and JSP compilation time.
24-Apr-2016 14:44:52.071 INFO [localhost-startStop-1] org.apache.catalina.startup.HostConfig.deployDirectory Deployment of web application directory /Users/ibank/01develop/workspace_tomcat/Tomcat 8.0/launch/webapps/docs has finished in 4,593 ms
24-Apr-2016 14:44:52.071 INFO [localhost-startStop-1] org.apache.catalina.startup.HostConfig.deployDirectory Deploying web application directory /Users/ibank/01develop/workspace_tomcat/Tomcat 8.0/launch/webapps/examples
24-Apr-2016 14:44:52.763 INFO [localhost-startStop-1] org.apache.jasper.servlet.TldScanner.scanJars At least one JAR was scanned for TLDs yet contained no TLDs. Enable debug logging for this logger for a complete list of JARs that were scanned but no TLDs were found in them. Skipping unneeded JARs during scanning can improve startup time and JSP compilation time.
24-Apr-2016 14:44:52.832 INFO [localhost-startStop-1] org.apache.catalina.startup.HostConfig.deployDirectory Deployment of web application directory /Users/ibank/01develop/workspace_tomcat/Tomcat 8.0/launch/webapps/examples has finished in 761 ms
24-Apr-2016 14:44:52.832 INFO [localhost-startStop-1] org.apache.catalina.startup.HostConfig.deployDirectory Deploying web application directory /Users/ibank/01develop/workspace_tomcat/Tomcat 8.0/launch/webapps/host-manager
24-Apr-2016 14:44:52.874 INFO [localhost-startStop-1] org.apache.catalina.startup.HostConfig.deployDirectory Deployment of web application directory /Users/ibank/01develop/workspace_tomcat/Tomcat 8.0/launch/webapps/host-manager has finished in 42 ms
24-Apr-2016 14:44:52.874 INFO [localhost-startStop-1] org.apache.catalina.startup.HostConfig.deployDirectory Deploying web application directory /Users/ibank/01develop/workspace_tomcat/Tomcat 8.0/launch/webapps/manager
24-Apr-2016 14:44:52.914 INFO [localhost-startStop-1] org.apache.catalina.startup.HostConfig.deployDirectory Deployment of web application directory /Users/ibank/01develop/workspace_tomcat/Tomcat 8.0/launch/webapps/manager has finished in 39 ms
24-Apr-2016 14:44:52.914 INFO [localhost-startStop-1] org.apache.catalina.startup.HostConfig.deployDirectory Deploying web application directory /Users/ibank/01develop/workspace_tomcat/Tomcat 8.0/launch/webapps/ROOT
24-Apr-2016 14:44:53.449 INFO [localhost-startStop-1] org.apache.jasper.servlet.TldScanner.scanJars At least one JAR was scanned for TLDs yet contained no TLDs. Enable debug logging for this logger for a complete list of JARs that were scanned but no TLDs were found in them. Skipping unneeded JARs during scanning can improve startup time and JSP compilation time.
24-Apr-2016 14:44:53.454 INFO [localhost-startStop-1] org.apache.catalina.startup.HostConfig.deployDirectory Deployment of web application directory /Users/ibank/01develop/workspace_tomcat/Tomcat 8.0/launch/webapps/ROOT has finished in 540 ms
24-Apr-2016 14:44:53.459 INFO [main] org.apache.coyote.AbstractProtocol.start Starting ProtocolHandler ["http-nio-8080"]
24-Apr-2016 14:44:53.468 INFO [main] org.apache.coyote.AbstractProtocol.start Starting ProtocolHandler ["ajp-nio-8009"]
24-Apr-2016 14:44:53.470 INFO [main] org.apache.catalina.startup.Catalina.start Server startup in 6049 ms
24-Apr-2016 14:48:07.910 INFO [main] org.apache.catalina.startup.VersionLoggerListener.log Server version:        Apache Tomcat/@VERSION@
24-Apr-2016 14:48:07.912 INFO [main] org.apache.catalina.startup.VersionLoggerListener.log Server built:          @VERSION_BUILT@
24-Apr-2016 14:48:07.912 INFO [main] org.apache.catalina.startup.VersionLoggerListener.log Server number:         @VERSION_NUMBER@
24-Apr-2016 14:48:07.912 INFO [main] org.apache.catalina.startup.VersionLoggerListener.log OS Name:               Mac OS X
24-Apr-2016 14:48:07.912 INFO [main] org.apache.catalina.startup.VersionLoggerListener.log OS Version:            10.10.5
24-Apr-2016 14:48:07.912 INFO [main] org.apache.catalina.startup.VersionLoggerListener.log Architecture:          x86_64
24-Apr-2016 14:48:07.912 INFO [main] org.apache.catalina.startup.VersionLoggerListener.log Java Home:             /Library/Java/JavaVirtualMachines/jdk1.8.0_60.jdk/Contents/Home/jre
24-Apr-2016 14:48:07.913 INFO [main] org.apache.catalina.startup.VersionLoggerListener.log JVM Version:           1.8.0_60-b27
24-Apr-2016 14:48:07.913 INFO [main] org.apache.catalina.startup.VersionLoggerListener.log JVM Vendor:            Oracle Corporation
24-Apr-2016 14:48:07.913 INFO [main] org.apache.catalina.startup.VersionLoggerListener.log CATALINA_BASE:         /Users/ibank/01develop/workspace_tomcat/Tomcat 8.0/launch
24-Apr-2016 14:48:07.913 INFO [main] org.apache.catalina.startup.VersionLoggerListener.log CATALINA_HOME:         /Users/ibank/01develop/workspace_tomcat/Tomcat 8.0/launch
24-Apr-2016 14:48:07.913 INFO [main] org.apache.catalina.startup.VersionLoggerListener.log Command line argument: -agentlib:jdwp=transport=dt_socket,suspend=y,address=localhost:55452
24-Apr-2016 14:48:07.914 INFO [main] org.apache.catalina.startup.VersionLoggerListener.log Command line argument: -Dcatalina.home=launch
24-Apr-2016 14:48:07.914 INFO [main] org.apache.catalina.startup.VersionLoggerListener.log Command line argument: -Dcatalina.base=launch
24-Apr-2016 14:48:07.914 INFO [main] org.apache.catalina.startup.VersionLoggerListener.log Command line argument: -Djava.endorsed.dirs=launch/endorsed
24-Apr-2016 14:48:07.914 INFO [main] org.apache.catalina.startup.VersionLoggerListener.log Command line argument: -Djava.io.tmpdir=launch/temp
24-Apr-2016 14:48:07.914 INFO [main] org.apache.catalina.startup.VersionLoggerListener.log Command line argument: -Djava.util.logging.manager=org.apache.juli.ClassLoaderLogManager
24-Apr-2016 14:48:07.914 INFO [main] org.apache.catalina.startup.VersionLoggerListener.log Command line argument: -Djava.util.logging.config.file=launch/conf/logging.properties
24-Apr-2016 14:48:07.914 INFO [main] org.apache.catalina.startup.VersionLoggerListener.log Command line argument: -Dfile.encoding=UTF-8
24-Apr-2016 14:48:07.914 INFO [main] org.apache.catalina.core.AprLifecycleListener.lifecycleEvent The APR based Apache Tomcat Native library which allows optimal performance in production environments was not found on the java.library.path: /Users/ibank/Library/Java/Extensions:/Library/Java/Extensions:/Network/Library/Java/Extensions:/System/Library/Java/Extensions:/usr/lib/java:.
24-Apr-2016 14:48:08.122 INFO [main] org.apache.coyote.AbstractProtocol.init Initializing ProtocolHandler ["http-nio-8080"]
24-Apr-2016 14:48:08.149 INFO [main] org.apache.tomcat.util.net.NioSelectorPool.getSharedSelector Using a shared selector for servlet write/read
24-Apr-2016 14:48:08.155 INFO [main] org.apache.coyote.AbstractProtocol.init Initializing ProtocolHandler ["ajp-nio-8009"]
24-Apr-2016 14:48:08.157 INFO [main] org.apache.tomcat.util.net.NioSelectorPool.getSharedSelector Using a shared selector for servlet write/read
24-Apr-2016 14:48:08.157 INFO [main] org.apache.catalina.startup.Catalina.load Initialization processed in 733 ms
24-Apr-2016 14:48:08.192 INFO [main] org.apache.catalina.core.StandardService.startInternal Starting service Catalina
24-Apr-2016 14:48:08.192 INFO [main] org.apache.catalina.core.StandardEngine.startInternal Starting Servlet Engine: Apache Tomcat/@VERSION@
24-Apr-2016 14:48:08.206 INFO [localhost-startStop-1] org.apache.catalina.startup.HostConfig.deployDirectory Deploying web application directory /Users/ibank/01develop/workspace_tomcat/Tomcat 8.0/launch/webapps/docs
24-Apr-2016 14:48:09.301 INFO [localhost-startStop-1] org.apache.jasper.servlet.TldScanner.scanJars At least one JAR was scanned for TLDs yet contained no TLDs. Enable debug logging for this logger for a complete list of JARs that were scanned but no TLDs were found in them. Skipping unneeded JARs during scanning can improve startup time and JSP compilation time.
24-Apr-2016 14:48:09.360 INFO [localhost-startStop-1] org.apache.catalina.startup.HostConfig.deployDirectory Deployment of web application directory /Users/ibank/01develop/workspace_tomcat/Tomcat 8.0/launch/webapps/docs has finished in 1,154 ms
24-Apr-2016 14:48:09.360 INFO [localhost-startStop-1] org.apache.catalina.startup.HostConfig.deployDirectory Deploying web application directory /Users/ibank/01develop/workspace_tomcat/Tomcat 8.0/launch/webapps/examples
24-Apr-2016 14:48:09.981 INFO [localhost-startStop-1] org.apache.jasper.servlet.TldScanner.scanJars At least one JAR was scanned for TLDs yet contained no TLDs. Enable debug logging for this logger for a complete list of JARs that were scanned but no TLDs were found in them. Skipping unneeded JARs during scanning can improve startup time and JSP compilation time.
24-Apr-2016 14:48:10.047 INFO [localhost-startStop-1] org.apache.catalina.startup.HostConfig.deployDirectory Deployment of web application directory /Users/ibank/01develop/workspace_tomcat/Tomcat 8.0/launch/webapps/examples has finished in 686 ms
24-Apr-2016 14:48:10.048 INFO [localhost-startStop-1] org.apache.catalina.startup.HostConfig.deployDirectory Deploying web application directory /Users/ibank/01develop/workspace_tomcat/Tomcat 8.0/launch/webapps/host-manager
24-Apr-2016 14:48:10.081 INFO [localhost-startStop-1] org.apache.catalina.startup.HostConfig.deployDirectory Deployment of web application directory /Users/ibank/01develop/workspace_tomcat/Tomcat 8.0/launch/webapps/host-manager has finished in 33 ms
24-Apr-2016 14:48:10.081 INFO [localhost-startStop-1] org.apache.catalina.startup.HostConfig.deployDirectory Deploying web application directory /Users/ibank/01develop/workspace_tomcat/Tomcat 8.0/launch/webapps/manager
24-Apr-2016 14:48:10.116 INFO [localhost-startStop-1] org.apache.catalina.startup.HostConfig.deployDirectory Deployment of web application directory /Users/ibank/01develop/workspace_tomcat/Tomcat 8.0/launch/webapps/manager has finished in 35 ms
24-Apr-2016 14:48:10.117 INFO [localhost-startStop-1] org.apache.catalina.startup.HostConfig.deployDirectory Deploying web application directory /Users/ibank/01develop/workspace_tomcat/Tomcat 8.0/launch/webapps/ROOT
24-Apr-2016 14:48:10.621 INFO [localhost-startStop-1] org.apache.jasper.servlet.TldScanner.scanJars At least one JAR was scanned for TLDs yet contained no TLDs. Enable debug logging for this logger for a complete list of JARs that were scanned but no TLDs were found in them. Skipping unneeded JARs during scanning can improve startup time and JSP compilation time.
24-Apr-2016 14:48:10.625 INFO [localhost-startStop-1] org.apache.catalina.startup.HostConfig.deployDirectory Deployment of web application directory /Users/ibank/01develop/workspace_tomcat/Tomcat 8.0/launch/webapps/ROOT has finished in 508 ms
24-Apr-2016 14:48:10.629 INFO [main] org.apache.coyote.AbstractProtocol.start Starting ProtocolHandler ["http-nio-8080"]
24-Apr-2016 14:48:10.638 INFO [main] org.apache.coyote.AbstractProtocol.start Starting ProtocolHandler ["ajp-nio-8009"]
24-Apr-2016 14:48:10.640 INFO [main] org.apache.catalina.startup.Catalina.start Server startup in 2482 ms
24-Apr-2016 17:57:06.310 INFO [main] org.apache.catalina.startup.VersionLoggerListener.log Server version:        Apache Tomcat/@VERSION@
24-Apr-2016 17:57:06.312 INFO [main] org.apache.catalina.startup.VersionLoggerListener.log Server built:          @VERSION_BUILT@
24-Apr-2016 17:57:06.312 INFO [main] org.apache.catalina.startup.VersionLoggerListener.log Server number:         @VERSION_NUMBER@
24-Apr-2016 17:57:06.313 INFO [main] org.apache.catalina.startup.VersionLoggerListener.log OS Name:               Mac OS X
24-Apr-2016 17:57:06.313 INFO [main] org.apache.catalina.startup.VersionLoggerListener.log OS Version:            10.10.5
24-Apr-2016 17:57:06.313 INFO [main] org.apache.catalina.startup.VersionLoggerListener.log Architecture:          x86_64
24-Apr-2016 17:57:06.313 INFO [main] org.apache.catalina.startup.VersionLoggerListener.log Java Home:             /Library/Java/JavaVirtualMachines/jdk1.8.0_60.jdk/Contents/Home/jre
24-Apr-2016 17:57:06.313 INFO [main] org.apache.catalina.startup.VersionLoggerListener.log JVM Version:           1.8.0_60-b27
24-Apr-2016 17:57:06.314 INFO [main] org.apache.catalina.startup.VersionLoggerListener.log JVM Vendor:            Oracle Corporation
24-Apr-2016 17:57:06.314 INFO [main] org.apache.catalina.startup.VersionLoggerListener.log CATALINA_BASE:         /Users/ibank/01develop/workspace_tomcat/Tomcat 8.0/launch
24-Apr-2016 17:57:06.314 INFO [main] org.apache.catalina.startup.VersionLoggerListener.log CATALINA_HOME:         /Users/ibank/01develop/workspace_tomcat/Tomcat 8.0/launch
24-Apr-2016 17:57:06.314 INFO [main] org.apache.catalina.startup.VersionLoggerListener.log Command line argument: -agentlib:jdwp=transport=dt_socket,suspend=y,address=localhost:49297
24-Apr-2016 17:57:06.315 INFO [main] org.apache.catalina.startup.VersionLoggerListener.log Command line argument: -Dcatalina.home=launch
24-Apr-2016 17:57:06.315 INFO [main] org.apache.catalina.startup.VersionLoggerListener.log Command line argument: -Dcatalina.base=launch
24-Apr-2016 17:57:06.315 INFO [main] org.apache.catalina.startup.VersionLoggerListener.log Command line argument: -Djava.endorsed.dirs=launch/endorsed
24-Apr-2016 17:57:06.315 INFO [main] org.apache.catalina.startup.VersionLoggerListener.log Command line argument: -Djava.io.tmpdir=launch/temp
24-Apr-2016 17:57:06.315 INFO [main] org.apache.catalina.startup.VersionLoggerListener.log Command line argument: -Djava.util.logging.manager=org.apache.juli.ClassLoaderLogManager
24-Apr-2016 17:57:06.315 INFO [main] org.apache.catalina.startup.VersionLoggerListener.log Command line argument: -Djava.util.logging.config.file=launch/conf/logging.properties
24-Apr-2016 17:57:06.315 INFO [main] org.apache.catalina.startup.VersionLoggerListener.log Command line argument: -Dfile.encoding=UTF-8
24-Apr-2016 17:57:06.316 INFO [main] org.apache.catalina.core.AprLifecycleListener.lifecycleEvent The APR based Apache Tomcat Native library which allows optimal performance in production environments was not found on the java.library.path: /Users/ibank/Library/Java/Extensions:/Library/Java/Extensions:/Network/Library/Java/Extensions:/System/Library/Java/Extensions:/usr/lib/java:.
24-Apr-2016 17:57:06.540 INFO [main] org.apache.coyote.AbstractProtocol.init Initializing ProtocolHandler ["http-nio-8080"]
24-Apr-2016 17:57:06.593 INFO [main] org.apache.tomcat.util.net.NioSelectorPool.getSharedSelector Using a shared selector for servlet write/read
24-Apr-2016 17:57:06.604 INFO [main] org.apache.coyote.AbstractProtocol.init Initializing ProtocolHandler ["ajp-nio-8009"]
24-Apr-2016 17:57:06.607 INFO [main] org.apache.tomcat.util.net.NioSelectorPool.getSharedSelector Using a shared selector for servlet write/read
24-Apr-2016 17:57:06.607 INFO [main] org.apache.catalina.startup.Catalina.load Initialization processed in 720 ms
24-Apr-2016 17:57:06.661 INFO [main] org.apache.catalina.core.StandardService.startInternal Starting service Catalina
24-Apr-2016 17:57:06.661 INFO [main] org.apache.catalina.core.StandardEngine.startInternal Starting Servlet Engine: Apache Tomcat/@VERSION@
24-Apr-2016 17:57:06.705 INFO [localhost-startStop-1] org.apache.catalina.startup.HostConfig.deployWAR Deploying web application archive /Users/ibank/01develop/workspace_tomcat/Tomcat 8.0/launch/webapps/smarttripmanage-web.war
24-Apr-2016 17:57:09.776 INFO [localhost-startStop-1] org.apache.jasper.servlet.TldScanner.scanJars At least one JAR was scanned for TLDs yet contained no TLDs. Enable debug logging for this logger for a complete list of JARs that were scanned but no TLDs were found in them. Skipping unneeded JARs during scanning can improve startup time and JSP compilation time.
24-Apr-2016 17:57:15.765 INFO [localhost-startStop-1] org.apache.catalina.startup.HostConfig.deployWAR Deployment of web application archive /Users/ibank/01develop/workspace_tomcat/Tomcat 8.0/launch/webapps/smarttripmanage-web.war has finished in 9,059 ms
24-Apr-2016 17:57:15.766 INFO [localhost-startStop-1] org.apache.catalina.startup.HostConfig.deployDirectory Deploying web application directory /Users/ibank/01develop/workspace_tomcat/Tomcat 8.0/launch/webapps/docs
24-Apr-2016 17:57:16.073 INFO [localhost-startStop-1] org.apache.jasper.servlet.TldScanner.scanJars At least one JAR was scanned for TLDs yet contained no TLDs. Enable debug logging for this logger for a complete list of JARs that were scanned but no TLDs were found in them. Skipping unneeded JARs during scanning can improve startup time and JSP compilation time.
24-Apr-2016 17:57:16.075 INFO [localhost-startStop-1] org.apache.catalina.startup.HostConfig.deployDirectory Deployment of web application directory /Users/ibank/01develop/workspace_tomcat/Tomcat 8.0/launch/webapps/docs has finished in 309 ms
24-Apr-2016 17:57:16.075 INFO [localhost-startStop-1] org.apache.catalina.startup.HostConfig.deployDirectory Deploying web application directory /Users/ibank/01develop/workspace_tomcat/Tomcat 8.0/launch/webapps/examples
24-Apr-2016 17:57:16.623 INFO [localhost-startStop-1] org.apache.jasper.servlet.TldScanner.scanJars At least one JAR was scanned for TLDs yet contained no TLDs. Enable debug logging for this logger for a complete list of JARs that were scanned but no TLDs were found in them. Skipping unneeded JARs during scanning can improve startup time and JSP compilation time.
24-Apr-2016 17:57:16.663 INFO [localhost-startStop-1] org.apache.catalina.startup.HostConfig.deployDirectory Deployment of web application directory /Users/ibank/01develop/workspace_tomcat/Tomcat 8.0/launch/webapps/examples has finished in 588 ms
24-Apr-2016 17:57:16.664 INFO [localhost-startStop-1] org.apache.catalina.startup.HostConfig.deployDirectory Deploying web application directory /Users/ibank/01develop/workspace_tomcat/Tomcat 8.0/launch/webapps/host-manager
24-Apr-2016 17:57:16.686 INFO [localhost-startStop-1] org.apache.catalina.startup.HostConfig.deployDirectory Deployment of web application directory /Users/ibank/01develop/workspace_tomcat/Tomcat 8.0/launch/webapps/host-manager has finished in 22 ms
24-Apr-2016 17:57:16.687 INFO [localhost-startStop-1] org.apache.catalina.startup.HostConfig.deployDirectory Deploying web application directory /Users/ibank/01develop/workspace_tomcat/Tomcat 8.0/launch/webapps/manager
24-Apr-2016 17:57:16.719 INFO [localhost-startStop-1] org.apache.catalina.startup.HostConfig.deployDirectory Deployment of web application directory /Users/ibank/01develop/workspace_tomcat/Tomcat 8.0/launch/webapps/manager has finished in 31 ms
24-Apr-2016 17:57:16.720 INFO [localhost-startStop-1] org.apache.catalina.startup.HostConfig.deployDirectory Deploying web application directory /Users/ibank/01develop/workspace_tomcat/Tomcat 8.0/launch/webapps/ROOT
24-Apr-2016 17:57:17.158 INFO [localhost-startStop-1] org.apache.jasper.servlet.TldScanner.scanJars At least one JAR was scanned for TLDs yet contained no TLDs. Enable debug logging for this logger for a complete list of JARs that were scanned but no TLDs were found in them. Skipping unneeded JARs during scanning can improve startup time and JSP compilation time.
24-Apr-2016 17:57:17.161 INFO [localhost-startStop-1] org.apache.catalina.startup.HostConfig.deployDirectory Deployment of web application directory /Users/ibank/01develop/workspace_tomcat/Tomcat 8.0/launch/webapps/ROOT has finished in 441 ms
24-Apr-2016 17:57:17.171 INFO [main] org.apache.coyote.AbstractProtocol.start Starting ProtocolHandler ["http-nio-8080"]
24-Apr-2016 17:57:17.181 INFO [main] org.apache.coyote.AbstractProtocol.start Starting ProtocolHandler ["ajp-nio-8009"]
24-Apr-2016 17:57:17.182 INFO [main] org.apache.catalina.startup.Catalina.start Server startup in 10573 ms
24-Apr-2016 18:00:17.755 INFO [ContainerBackgroundProcessor[StandardEngine[Catalina]]] org.apache.catalina.startup.HostConfig.undeploy Undeploying context [/smarttripmanage-web]
24-Apr-2016 18:00:17.780 WARNING [ContainerBackgroundProcessor[StandardEngine[Catalina]]] org.apache.catalina.loader.WebappClassLoaderBase.clearReferencesThreads The web application [smarttripmanage-web] appears to have started a thread named [commons-pool-EvictionTimer] but has failed to stop it. This is very likely to create a memory leak. Stack trace of thread:
 java.lang.Object.wait(Native Method)
 java.util.TimerThread.mainLoop(Timer.java:552)
 java.util.TimerThread.run(Timer.java:505)
24-Apr-2016 18:00:17.780 WARNING [ContainerBackgroundProcessor[StandardEngine[Catalina]]] org.apache.catalina.loader.WebappClassLoaderBase.clearReferencesThreads The web application [smarttripmanage-web] appears to have started a thread named [验证码repository清理线程] but has failed to stop it. This is very likely to create a memory leak. Stack trace of thread:
 java.lang.Thread.sleep(Native Method)
 com.smarttrip.platform.authcode.handler.AuthCodeHandler$CleanUpThread.run(AuthCodeHandler.java:222)
